<?xml version="1.0" encoding="UTF-8"?>
<testsuite xmlns:xsi="http://www.w3.org/2001/XMLSchema-instance" xsi:noNamespaceSchemaLocation="https://maven.apache.org/surefire/maven-surefire-plugin/xsd/surefire-test-report.xsd" name="br.com.engdb.agv.AppTest" time="0.024" tests="1" errors="0" skipped="0" failures="0">
  <properties>
    <property name="sun.desktop" value="windows"/>
    <property name="awt.toolkit" value="sun.awt.windows.WToolkit"/>
    <property name="java.specification.version" value="11"/>
    <property name="sun.cpu.isalist" value="amd64"/>
    <property name="sun.jnu.encoding" value="Cp1252"/>
    <property name="java.class.path" value="c:\Users\heito\OneDrive\Documents\GitHub\WebService\web-service-agv\target\test-classes;c:\Users\heito\OneDrive\Documents\GitHub\WebService\web-service-agv\target\classes;C:\Users\heito\.m2\repository\junit\junit\4.11\junit-4.11.jar;C:\Users\heito\.m2\repository\org\hamcrest\hamcrest-core\1.3\hamcrest-core-1.3.jar;C:\Users\heito\.m2\repository\org\springframework\boot\spring-boot-starter-web\1.3.3.RELEASE\spring-boot-starter-web-1.3.3.RELEASE.jar;C:\Users\heito\.m2\repository\org\springframework\boot\spring-boot-starter\1.3.3.RELEASE\spring-boot-starter-1.3.3.RELEASE.jar;C:\Users\heito\.m2\repository\org\springframework\boot\spring-boot\1.3.3.RELEASE\spring-boot-1.3.3.RELEASE.jar;C:\Users\heito\.m2\repository\org\springframework\boot\spring-boot-autoconfigure\1.3.3.RELEASE\spring-boot-autoconfigure-1.3.3.RELEASE.jar;C:\Users\heito\.m2\repository\org\springframework\boot\spring-boot-starter-logging\1.3.3.RELEASE\spring-boot-starter-logging-1.3.3.RELEASE.jar;C:\Users\heito\.m2\repository\ch\qos\logback\logback-classic\1.1.5\logback-classic-1.1.5.jar;C:\Users\heito\.m2\repository\ch\qos\logback\logback-core\1.1.5\logback-core-1.1.5.jar;C:\Users\heito\.m2\repository\org\slf4j\slf4j-api\1.7.16\slf4j-api-1.7.16.jar;C:\Users\heito\.m2\repository\org\slf4j\jcl-over-slf4j\1.7.16\jcl-over-slf4j-1.7.16.jar;C:\Users\heito\.m2\repository\org\slf4j\jul-to-slf4j\1.7.16\jul-to-slf4j-1.7.16.jar;C:\Users\heito\.m2\repository\org\slf4j\log4j-over-slf4j\1.7.16\log4j-over-slf4j-1.7.16.jar;C:\Users\heito\.m2\repository\org\springframework\spring-core\4.2.5.RELEASE\spring-core-4.2.5.RELEASE.jar;C:\Users\heito\.m2\repository\org\yaml\snakeyaml\1.16\snakeyaml-1.16.jar;C:\Users\heito\.m2\repository\org\springframework\boot\spring-boot-starter-tomcat\1.3.3.RELEASE\spring-boot-starter-tomcat-1.3.3.RELEASE.jar;C:\Users\heito\.m2\repository\org\apache\tomcat\embed\tomcat-embed-core\8.0.32\tomcat-embed-core-8.0.32.jar;C:\Users\heito\.m2\repository\org\apache\tomcat\embed\tomcat-embed-el\8.0.32\tomcat-embed-el-8.0.32.jar;C:\Users\heito\.m2\repository\org\apache\tomcat\embed\tomcat-embed-logging-juli\8.0.32\tomcat-embed-logging-juli-8.0.32.jar;C:\Users\heito\.m2\repository\org\apache\tomcat\embed\tomcat-embed-websocket\8.0.32\tomcat-embed-websocket-8.0.32.jar;C:\Users\heito\.m2\repository\org\springframework\boot\spring-boot-starter-validation\1.3.3.RELEASE\spring-boot-starter-validation-1.3.3.RELEASE.jar;C:\Users\heito\.m2\repository\org\hibernate\hibernate-validator\5.2.4.Final\hibernate-validator-5.2.4.Final.jar;C:\Users\heito\.m2\repository\javax\validation\validation-api\1.1.0.Final\validation-api-1.1.0.Final.jar;C:\Users\heito\.m2\repository\org\jboss\logging\jboss-logging\3.3.0.Final\jboss-logging-3.3.0.Final.jar;C:\Users\heito\.m2\repository\com\fasterxml\classmate\1.1.0\classmate-1.1.0.jar;C:\Users\heito\.m2\repository\com\fasterxml\jackson\core\jackson-databind\2.6.5\jackson-databind-2.6.5.jar;C:\Users\heito\.m2\repository\com\fasterxml\jackson\core\jackson-annotations\2.6.5\jackson-annotations-2.6.5.jar;C:\Users\heito\.m2\repository\com\fasterxml\jackson\core\jackson-core\2.6.5\jackson-core-2.6.5.jar;C:\Users\heito\.m2\repository\org\springframework\spring-web\4.2.5.RELEASE\spring-web-4.2.5.RELEASE.jar;C:\Users\heito\.m2\repository\org\springframework\spring-aop\4.2.5.RELEASE\spring-aop-4.2.5.RELEASE.jar;C:\Users\heito\.m2\repository\aopalliance\aopalliance\1.0\aopalliance-1.0.jar;C:\Users\heito\.m2\repository\org\springframework\spring-beans\4.2.5.RELEASE\spring-beans-4.2.5.RELEASE.jar;C:\Users\heito\.m2\repository\org\springframework\spring-context\4.2.5.RELEASE\spring-context-4.2.5.RELEASE.jar;C:\Users\heito\.m2\repository\org\springframework\spring-webmvc\4.2.5.RELEASE\spring-webmvc-4.2.5.RELEASE.jar;C:\Users\heito\.m2\repository\org\springframework\spring-expression\4.2.5.RELEASE\spring-expression-4.2.5.RELEASE.jar;"/>
    <property name="java.vm.vendor" value="Oracle Corporation"/>
    <property name="sun.arch.data.model" value="64"/>
    <property name="user.variant" value=""/>
    <property name="java.vendor.url" value="https://openjdk.java.net/"/>
    <property name="user.timezone" value="America/Sao_Paulo"/>
    <property name="java.vm.specification.version" value="11"/>
    <property name="os.name" value="Windows 10"/>
    <property name="sun.java.launcher" value="SUN_STANDARD"/>
    <property name="user.country" value="BR"/>
    <property name="sun.boot.library.path" value="C:\Program Files\Java\jdk-11.0.13\bin"/>
    <property name="sun.java.command" value="C:\Users\heito\AppData\Local\Temp\surefire12430009157835514803\surefirebooter15223387660300042547.jar C:\Users\heito\AppData\Local\Temp\surefire12430009157835514803 2022-05-04T23-53-05_759-jvmRun1 surefire17708301073536904313tmp surefire_014505908433743370678tmp"/>
    <property name="jdk.debug" value="release"/>
    <property name="surefire.test.class.path" value="c:\Users\heito\OneDrive\Documents\GitHub\WebService\web-service-agv\target\test-classes;c:\Users\heito\OneDrive\Documents\GitHub\WebService\web-service-agv\target\classes;C:\Users\heito\.m2\repository\junit\junit\4.11\junit-4.11.jar;C:\Users\heito\.m2\repository\org\hamcrest\hamcrest-core\1.3\hamcrest-core-1.3.jar;C:\Users\heito\.m2\repository\org\springframework\boot\spring-boot-starter-web\1.3.3.RELEASE\spring-boot-starter-web-1.3.3.RELEASE.jar;C:\Users\heito\.m2\repository\org\springframework\boot\spring-boot-starter\1.3.3.RELEASE\spring-boot-starter-1.3.3.RELEASE.jar;C:\Users\heito\.m2\repository\org\springframework\boot\spring-boot\1.3.3.RELEASE\spring-boot-1.3.3.RELEASE.jar;C:\Users\heito\.m2\repository\org\springframework\boot\spring-boot-autoconfigure\1.3.3.RELEASE\spring-boot-autoconfigure-1.3.3.RELEASE.jar;C:\Users\heito\.m2\repository\org\springframework\boot\spring-boot-starter-logging\1.3.3.RELEASE\spring-boot-starter-logging-1.3.3.RELEASE.jar;C:\Users\heito\.m2\repository\ch\qos\logback\logback-classic\1.1.5\logback-classic-1.1.5.jar;C:\Users\heito\.m2\repository\ch\qos\logback\logback-core\1.1.5\logback-core-1.1.5.jar;C:\Users\heito\.m2\repository\org\slf4j\slf4j-api\1.7.16\slf4j-api-1.7.16.jar;C:\Users\heito\.m2\repository\org\slf4j\jcl-over-slf4j\1.7.16\jcl-over-slf4j-1.7.16.jar;C:\Users\heito\.m2\repository\org\slf4j\jul-to-slf4j\1.7.16\jul-to-slf4j-1.7.16.jar;C:\Users\heito\.m2\repository\org\slf4j\log4j-over-slf4j\1.7.16\log4j-over-slf4j-1.7.16.jar;C:\Users\heito\.m2\repository\org\springframework\spring-core\4.2.5.RELEASE\spring-core-4.2.5.RELEASE.jar;C:\Users\heito\.m2\repository\org\yaml\snakeyaml\1.16\snakeyaml-1.16.jar;C:\Users\heito\.m2\repository\org\springframework\boot\spring-boot-starter-tomcat\1.3.3.RELEASE\spring-boot-starter-tomcat-1.3.3.RELEASE.jar;C:\Users\heito\.m2\repository\org\apache\tomcat\embed\tomcat-embed-core\8.0.32\tomcat-embed-core-8.0.32.jar;C:\Users\heito\.m2\repository\org\apache\tomcat\embed\tomcat-embed-el\8.0.32\tomcat-embed-el-8.0.32.jar;C:\Users\heito\.m2\repository\org\apache\tomcat\embed\tomcat-embed-logging-juli\8.0.32\tomcat-embed-logging-juli-8.0.32.jar;C:\Users\heito\.m2\repository\org\apache\tomcat\embed\tomcat-embed-websocket\8.0.32\tomcat-embed-websocket-8.0.32.jar;C:\Users\heito\.m2\repository\org\springframework\boot\spring-boot-starter-validation\1.3.3.RELEASE\spring-boot-starter-validation-1.3.3.RELEASE.jar;C:\Users\heito\.m2\repository\org\hibernate\hibernate-validator\5.2.4.Final\hibernate-validator-5.2.4.Final.jar;C:\Users\heito\.m2\repository\javax\validation\validation-api\1.1.0.Final\validation-api-1.1.0.Final.jar;C:\Users\heito\.m2\repository\org\jboss\logging\jboss-logging\3.3.0.Final\jboss-logging-3.3.0.Final.jar;C:\Users\heito\.m2\repository\com\fasterxml\classmate\1.1.0\classmate-1.1.0.jar;C:\Users\heito\.m2\repository\com\fasterxml\jackson\core\jackson-databind\2.6.5\jackson-databind-2.6.5.jar;C:\Users\heito\.m2\repository\com\fasterxml\jackson\core\jackson-annotations\2.6.5\jackson-annotations-2.6.5.jar;C:\Users\heito\.m2\repository\com\fasterxml\jackson\core\jackson-core\2.6.5\jackson-core-2.6.5.jar;C:\Users\heito\.m2\repository\org\springframework\spring-web\4.2.5.RELEASE\spring-web-4.2.5.RELEASE.jar;C:\Users\heito\.m2\repository\org\springframework\spring-aop\4.2.5.RELEASE\spring-aop-4.2.5.RELEASE.jar;C:\Users\heito\.m2\repository\aopalliance\aopalliance\1.0\aopalliance-1.0.jar;C:\Users\heito\.m2\repository\org\springframework\spring-beans\4.2.5.RELEASE\spring-beans-4.2.5.RELEASE.jar;C:\Users\heito\.m2\repository\org\springframework\spring-context\4.2.5.RELEASE\spring-context-4.2.5.RELEASE.jar;C:\Users\heito\.m2\repository\org\springframework\spring-webmvc\4.2.5.RELEASE\spring-webmvc-4.2.5.RELEASE.jar;C:\Users\heito\.m2\repository\org\springframework\spring-expression\4.2.5.RELEASE\spring-expression-4.2.5.RELEASE.jar;"/>
    <property name="sun.cpu.endian" value="little"/>
    <property name="user.home" value="C:\Users\heito"/>
    <property name="user.language" value="pt"/>
    <property name="java.specification.vendor" value="Oracle Corporation"/>
    <property name="java.version.date" value="2021-10-19"/>
    <property name="java.home" value="C:\Program Files\Java\jdk-11.0.13"/>
    <property name="file.separator" value="\"/>
    <property name="basedir" value="c:\Users\heito\OneDrive\Documents\GitHub\WebService\web-service-agv"/>
    <property name="java.vm.compressedOopsMode" value="Zero based"/>
    <property name="line.separator" value="&#10;"/>
    <property name="java.specification.name" value="Java Platform API Specification"/>
    <property name="java.vm.specification.vendor" value="Oracle Corporation"/>
    <property name="java.awt.graphicsenv" value="sun.awt.Win32GraphicsEnvironment"/>
    <property name="surefire.real.class.path" value="C:\Users\heito\AppData\Local\Temp\surefire12430009157835514803\surefirebooter15223387660300042547.jar"/>
    <property name="user.script" value=""/>
    <property name="sun.management.compiler" value="HotSpot 64-Bit Tiered Compilers"/>
    <property name="java.runtime.version" value="11.0.13+10-LTS-370"/>
    <property name="user.name" value="heito"/>
    <property name="path.separator" value=";"/>
    <property name="os.version" value="10.0"/>
    <property name="java.runtime.name" value="Java(TM) SE Runtime Environment"/>
    <property name="file.encoding" value="Cp1252"/>
    <property name="java.vm.name" value="Java HotSpot(TM) 64-Bit Server VM"/>
    <property name="java.vendor.version" value="18.9"/>
    <property name="localRepository" value="C:\Users\heito\.m2\repository"/>
    <property name="java.vendor.url.bug" value="https://bugreport.java.com/bugreport/"/>
    <property name="java.io.tmpdir" value="C:\Users\heito\AppData\Local\Temp\"/>
    <property name="java.version" value="11.0.13"/>
    <property name="user.dir" value="c:\Users\heito\OneDrive\Documents\GitHub\WebService\web-service-agv"/>
    <property name="os.arch" value="amd64"/>
    <property name="java.vm.specification.name" value="Java Virtual Machine Specification"/>
    <property name="java.awt.printerjob" value="sun.awt.windows.WPrinterJob"/>
    <property name="sun.os.patch.level" value=""/>
    <property name="java.library.path" value="C:\Program Files\Java\jdk-11.0.13\bin;C:\WINDOWS\Sun\Java\bin;C:\WINDOWS\system32;C:\WINDOWS;C:\Program Files\Common Files\Oracle\Java\javapath;C:\Program Files (x86)\Common Files\Oracle\Java\javapath;C:\Windows\system32;C:\Windows;C:\Windows\System32\Wbem;C:\Windows\System32\WindowsPowerShell\v1.0\;C:\Windows\System32\OpenSSH\;C:\Program Files (x86)\NVIDIA Corporation\PhysX\Common;C:\Program Files\NVIDIA Corporation\NVIDIA NvDLISR;D:\xampp\php;C:\WINDOWS\system32;C:\WINDOWS;C:\WINDOWS\System32\Wbem;C:\WINDOWS\System32\WindowsPowerShell\v1.0\;C:\WINDOWS\System32\OpenSSH\;C:\Users\heito\.jpm\windows\bin;C:\Program Files\nodejs\;C:\Apache Maven\bin;C:\Program Files\dotnet\;C:\Program Files\RedHat\java-1.8.0-openjdk-1.8.0.312-2\bin;C:\Program Files\RedHat\java-1.8.0-openjdk-1.8.0.312-2\jre\bin;C:\Program Files\Java\jdk-11.0.13\bin;C:\Program Files\Git\cmd;D:\Ruby30-x64\bin;C:\Users\heito\AppData\Local\Microsoft\WindowsApps;D:\Microsoft VS Code\bin;C:\Users\heito\AppData\Roaming\npm;C:\Apache Maven\bin;C:\Program Files\Java\jdk-11.0.13\bin;C:\Users\heito\AppData\Local\GitHubDesktop\bin;."/>
    <property name="java.vendor" value="Oracle Corporation"/>
    <property name="java.vm.info" value="mixed mode"/>
    <property name="java.vm.version" value="11.0.13+10-LTS-370"/>
    <property name="sun.io.unicode.encoding" value="UnicodeLittle"/>
    <property name="java.class.version" value="55.0"/>
  </properties>
  <testcase name="shouldAnswerWithTrue" classname="br.com.engdb.agv.AppTest" time="0.001"/>
</testsuite>